<?xml version="1.0" encoding="UTF-8"?>
<!-- Generated by org.testng.reporters.JUnitReportReporter -->
<testsuite skipped="0" hostname="LisaMaicha" name="test.AddCustomerTest" tests="1" failures="0" timestamp="23 Jul 2021 16:26:49 GMT" time="6.722" errors="0">
  <testcase name="validUserShoulbBeToAddCustomer" time="6.722" classname="test.AddCustomerTest"/>
</testsuite> <!-- test.AddCustomerTest -->
